---------------------------------------------------------------
[ 2020-07-05T11:18:50+08:00 ] 183.48.247.71 GET /home/invite.html
[ info ] tasks.qimsj.com/home/invite.html [运行时间：0.028421s][吞吐率：35.19req/s] [内存消耗：3,936.66kb] [文件加载：55]
[ info ] [ LANG ] /usr/local/nginx/leyeHtml/thinkphp/lang/zh-cn.php
[ info ] [ ROUTE ] array (
  'type' => 'module',
  'module' => 
  array (
    0 => 'home',
    1 => 'invite',
    2 => NULL,
  ),
)
[ info ] [ HEADER ] array (
  'host' => 'tasks.qimsj.com',
  'connection' => 'keep-alive',
  'upgrade-insecure-requests' => '1',
  'user-agent' => 'Mozilla/5.0 (Windows NT 6.1; Win64; x64) AppleWebKit/537.36 (KHTML, like Gecko) Chrome/83.0.4103.116 Safari/537.36',
  'accept' => 'text/html,application/xhtml+xml,application/xml;q=0.9,image/webp,image/apng,*/*;q=0.8,application/signed-exchange;v=b3;q=0.9',
  'referer' => 'http://tasks.qimsj.com/',
  'accept-encoding' => 'gzip, deflate',
  'accept-language' => 'zh-CN,zh;q=0.9',
  'content-type' => '',
  'content-length' => '',
)
[ info ] [ PARAM ] array (
)
[ info ] [ DB ] INIT mysql
[ info ] [ LOG ] INIT File
[ sql ] [ DB ] CONNECT:[ UseTime:0.000317s ] mysql:host=127.0.0.1;port=3306;dbname=leyeguo;charset=utf8
[ sql ] [ SQL ] SHOW COLUMNS FROM `tb_config` [ RunTime:0.000660s ]
[ sql ] [ SQL ] SELECT * FROM `tb_config` LIMIT 1 [ RunTime:0.000177s ]
---------------------------------------------------------------
[ 2020-07-05T15:23:38+08:00 ] 183.48.247.71 GET /home/invite.html
[ info ] tasks.qimsj.com/home/invite.html [运行时间：0.028039s][吞吐率：35.66req/s] [内存消耗：3,936.62kb] [文件加载：55]
[ info ] [ LANG ] /usr/local/nginx/leyeHtml/thinkphp/lang/zh-cn.php
[ info ] [ ROUTE ] array (
  'type' => 'module',
  'module' => 
  array (
    0 => 'home',
    1 => 'invite',
    2 => NULL,
  ),
)
[ info ] [ HEADER ] array (
  'host' => 'tasks.qimsj.com',
  'connection' => 'keep-alive',
  'upgrade-insecure-requests' => '1',
  'user-agent' => 'Mozilla/5.0 (Macintosh; Intel Mac OS X 10_14_6) AppleWebKit/537.36 (KHTML, like Gecko) Chrome/83.0.4103.106 Safari/537.36',
  'accept' => 'text/html,application/xhtml+xml,application/xml;q=0.9,image/webp,image/apng,*/*;q=0.8,application/signed-exchange;v=b3;q=0.9',
  'referer' => 'http://tasks.qimsj.com/',
  'accept-encoding' => 'gzip, deflate',
  'accept-language' => 'zh-CN,zh;q=0.9,en;q=0.8,ja;q=0.7',
  'content-type' => '',
  'content-length' => '',
)
[ info ] [ PARAM ] array (
)
[ info ] [ DB ] INIT mysql
[ info ] [ LOG ] INIT File
[ sql ] [ DB ] CONNECT:[ UseTime:0.000326s ] mysql:host=127.0.0.1;port=3306;dbname=leyeguo;charset=utf8
[ sql ] [ SQL ] SHOW COLUMNS FROM `tb_config` [ RunTime:0.000662s ]
[ sql ] [ SQL ] SELECT * FROM `tb_config` LIMIT 1 [ RunTime:0.000181s ]
---------------------------------------------------------------
[ 2020-07-05T15:23:41+08:00 ] 183.48.247.71 GET /home/auth/login.html
[ info ] tasks.qimsj.com/home/auth/login.html [运行时间：0.029299s][吞吐率：34.13req/s] [内存消耗：4,107.55kb] [文件加载：59]
[ info ] [ LANG ] /usr/local/nginx/leyeHtml/thinkphp/lang/zh-cn.php
[ info ] [ ROUTE ] array (
  'type' => 'module',
  'module' => 
  array (
    0 => 'home',
    1 => 'auth',
    2 => 'login',
  ),
)
[ info ] [ HEADER ] array (
  'host' => 'tasks.qimsj.com',
  'connection' => 'keep-alive',
  'pragma' => 'no-cache',
  'cache-control' => 'no-cache',
  'upgrade-insecure-requests' => '1',
  'user-agent' => 'Mozilla/5.0 (Macintosh; Intel Mac OS X 10_14_6) AppleWebKit/537.36 (KHTML, like Gecko) Chrome/83.0.4103.106 Safari/537.36',
  'accept' => 'text/html,application/xhtml+xml,application/xml;q=0.9,image/webp,image/apng,*/*;q=0.8,application/signed-exchange;v=b3;q=0.9',
  'referer' => 'http://tasks.qimsj.com/home/invite.html',
  'accept-encoding' => 'gzip, deflate',
  'accept-language' => 'zh-CN,zh;q=0.9,en;q=0.8,ja;q=0.7',
  'content-type' => '',
  'content-length' => '',
)
[ info ] [ PARAM ] array (
)
[ info ] [ DB ] INIT mysql
[ info ] [ RUN ] app\home\controller\Auth->login[ /usr/local/nginx/leyeHtml/app/home/controller/Auth.php ]
[ info ] [ VIEW ] ./views/home/mobile/auth/login.phtml [ array (
  0 => 'controller',
  1 => 'action',
  2 => 'site',
  3 => 'member',
) ]
[ info ] [ LOG ] INIT File
[ sql ] [ DB ] CONNECT:[ UseTime:0.000268s ] mysql:host=127.0.0.1;port=3306;dbname=leyeguo;charset=utf8
[ sql ] [ SQL ] SHOW COLUMNS FROM `tb_config` [ RunTime:0.000707s ]
[ sql ] [ SQL ] SELECT * FROM `tb_config` LIMIT 1 [ RunTime:0.000160s ]
---------------------------------------------------------------
[ 2020-07-05T15:23:42+08:00 ] 183.48.247.71 GET /static/home/mobile/js/jquery.min.map
[ info ] tasks.qimsj.com/static/home/mobile/js/jquery.min.map [运行时间：0.022162s][吞吐率：45.12req/s] [内存消耗：1,908.18kb] [文件加载：41]
[ info ] [ LANG ] /usr/local/nginx/leyeHtml/thinkphp/lang/zh-cn.php
[ info ] [ ROUTE ] array (
  'type' => 'module',
  'module' => 
  array (
    0 => 'static',
    1 => 'home',
    2 => 'mobile',
  ),
)
[ info ] [ HEADER ] array (
  'host' => 'tasks.qimsj.com',
  'connection' => 'keep-alive',
  'cache-control' => 'no-cache',
  'user-agent' => 'Mozilla/5.0 (Macintosh; Intel Mac OS X 10_14_6) AppleWebKit/537.36 (KHTML, like Gecko) Chrome/83.0.4103.106 Safari/537.36',
  'accept-encoding' => 'gzip, deflate',
  'accept-language' => 'zh-CN,zh;q=0.9,en;q=0.8,ja;q=0.7',
  'content-type' => '',
  'content-length' => '',
)
[ info ] [ PARAM ] array (
  'js' => 'jquery.min.map',
)
[ info ] [ LOG ] INIT File
---------------------------------------------------------------
[ 2020-07-05T15:23:42+08:00 ] 183.48.247.71 GET /captcha.html
[ info ] tasks.qimsj.com/captcha.html [运行时间：0.034565s][吞吐率：28.93req/s] [内存消耗：1,921.00kb] [文件加载：40]
[ info ] [ LANG ] /usr/local/nginx/leyeHtml/thinkphp/lang/zh-cn.php
[ info ] [ ROUTE ] array (
  'type' => 'method',
  'method' => 
  array (
    0 => '\\think\\captcha\\CaptchaController',
    1 => 'index',
  ),
  'var' => 
  array (
  ),
)
[ info ] [ HEADER ] array (
  'host' => 'tasks.qimsj.com',
  'connection' => 'keep-alive',
  'pragma' => 'no-cache',
  'cache-control' => 'no-cache',
  'user-agent' => 'Mozilla/5.0 (Macintosh; Intel Mac OS X 10_14_6) AppleWebKit/537.36 (KHTML, like Gecko) Chrome/83.0.4103.106 Safari/537.36',
  'accept' => 'image/webp,image/apng,image/*,*/*;q=0.8',
  'referer' => 'http://tasks.qimsj.com/home/auth/login.html',
  'accept-encoding' => 'gzip, deflate',
  'accept-language' => 'zh-CN,zh;q=0.9,en;q=0.8,ja;q=0.7',
  'content-type' => '',
  'content-length' => '',
)
[ info ] [ PARAM ] array (
  'id' => NULL,
)
[ info ] [ RUN ] think\captcha\CaptchaController->index[ /usr/local/nginx/leyeHtml/vendor/topthink/think-captcha/src/CaptchaController.php ]
[ info ] [ SESSION ] INIT array (
  'id' => '',
  'var_session_id' => '',
  'prefix' => 'think',
  'type' => '',
  'auto_start' => true,
)
[ info ] [ LOG ] INIT File
---------------------------------------------------------------
[ 2020-07-05T15:23:47+08:00 ] 183.48.247.71 GET /home/register.html
[ info ] tasks.qimsj.com/home/register.html [运行时间：0.035069s][吞吐率：28.52req/s] [内存消耗：4,107.72kb] [文件加载：59]
[ info ] [ LANG ] /usr/local/nginx/leyeHtml/thinkphp/lang/zh-cn.php
[ info ] [ ROUTE ] array (
  'type' => 'module',
  'module' => 
  array (
    0 => 'home',
    1 => 'register',
    2 => NULL,
  ),
)
[ info ] [ HEADER ] array (
  'host' => 'tasks.qimsj.com',
  'connection' => 'keep-alive',
  'pragma' => 'no-cache',
  'cache-control' => 'no-cache',
  'upgrade-insecure-requests' => '1',
  'user-agent' => 'Mozilla/5.0 (Macintosh; Intel Mac OS X 10_14_6) AppleWebKit/537.36 (KHTML, like Gecko) Chrome/83.0.4103.106 Safari/537.36',
  'accept' => 'text/html,application/xhtml+xml,application/xml;q=0.9,image/webp,image/apng,*/*;q=0.8,application/signed-exchange;v=b3;q=0.9',
  'referer' => 'http://tasks.qimsj.com/home/auth/login.html',
  'accept-encoding' => 'gzip, deflate',
  'accept-language' => 'zh-CN,zh;q=0.9,en;q=0.8,ja;q=0.7',
  'cookie' => 'PHPSESSID=99unvj0ngij6o2in5gp7bv2ti1',
  'content-type' => '',
  'content-length' => '',
)
[ info ] [ PARAM ] array (
)
[ info ] [ DB ] INIT mysql
[ info ] [ RUN ] app\home\controller\Register->index[ /usr/local/nginx/leyeHtml/app/home/controller/Register.php ]
[ info ] [ VIEW ] ./views/home/mobile/register/index.phtml [ array (
  0 => 'controller',
  1 => 'action',
  2 => 'site',
  3 => 'member',
  4 => 'parent_uid',
) ]
[ info ] [ LOG ] INIT File
[ sql ] [ DB ] CONNECT:[ UseTime:0.000285s ] mysql:host=127.0.0.1;port=3306;dbname=leyeguo;charset=utf8
[ sql ] [ SQL ] SHOW COLUMNS FROM `tb_config` [ RunTime:0.000620s ]
[ sql ] [ SQL ] SELECT * FROM `tb_config` LIMIT 1 [ RunTime:0.000171s ]
---------------------------------------------------------------
[ 2020-07-05T15:23:48+08:00 ] 183.48.247.71 GET /captcha.html
[ info ] tasks.qimsj.com/captcha.html [运行时间：0.021053s][吞吐率：47.50req/s] [内存消耗：1,920.97kb] [文件加载：40]
[ info ] [ LANG ] /usr/local/nginx/leyeHtml/thinkphp/lang/zh-cn.php
[ info ] [ ROUTE ] array (
  'type' => 'method',
  'method' => 
  array (
    0 => '\\think\\captcha\\CaptchaController',
    1 => 'index',
  ),
  'var' => 
  array (
  ),
)
[ info ] [ HEADER ] array (
  'host' => 'tasks.qimsj.com',
  'connection' => 'keep-alive',
  'pragma' => 'no-cache',
  'cache-control' => 'no-cache',
  'user-agent' => 'Mozilla/5.0 (Macintosh; Intel Mac OS X 10_14_6) AppleWebKit/537.36 (KHTML, like Gecko) Chrome/83.0.4103.106 Safari/537.36',
  'accept' => 'image/webp,image/apng,image/*,*/*;q=0.8',
  'referer' => 'http://tasks.qimsj.com/home/register.html',
  'accept-encoding' => 'gzip, deflate',
  'accept-language' => 'zh-CN,zh;q=0.9,en;q=0.8,ja;q=0.7',
  'cookie' => 'PHPSESSID=99unvj0ngij6o2in5gp7bv2ti1',
  'content-type' => '',
  'content-length' => '',
)
[ info ] [ PARAM ] array (
  'id' => NULL,
)
[ info ] [ RUN ] think\captcha\CaptchaController->index[ /usr/local/nginx/leyeHtml/vendor/topthink/think-captcha/src/CaptchaController.php ]
[ info ] [ SESSION ] INIT array (
  'id' => '',
  'var_session_id' => '',
  'prefix' => 'think',
  'type' => '',
  'auto_start' => true,
)
[ info ] [ LOG ] INIT File
---------------------------------------------------------------
[ 2020-07-05T15:23:48+08:00 ] 183.48.247.71 GET /static/home/mobile/js/jquery.min.map
[ info ] tasks.qimsj.com/static/home/mobile/js/jquery.min.map [运行时间：0.016872s][吞吐率：59.27req/s] [内存消耗：1,908.53kb] [文件加载：41]
[ info ] [ LANG ] /usr/local/nginx/leyeHtml/thinkphp/lang/zh-cn.php
[ info ] [ ROUTE ] array (
  'type' => 'module',
  'module' => 
  array (
    0 => 'static',
    1 => 'home',
    2 => 'mobile',
  ),
)
[ info ] [ HEADER ] array (
  'host' => 'tasks.qimsj.com',
  'connection' => 'keep-alive',
  'cache-control' => 'no-cache',
  'user-agent' => 'Mozilla/5.0 (Macintosh; Intel Mac OS X 10_14_6) AppleWebKit/537.36 (KHTML, like Gecko) Chrome/83.0.4103.106 Safari/537.36',
  'accept-encoding' => 'gzip, deflate',
  'accept-language' => 'zh-CN,zh;q=0.9,en;q=0.8,ja;q=0.7',
  'cookie' => 'PHPSESSID=99unvj0ngij6o2in5gp7bv2ti1',
  'content-type' => '',
  'content-length' => '',
)
[ info ] [ PARAM ] array (
  'js' => 'jquery.min.map',
)
[ info ] [ LOG ] INIT File
---------------------------------------------------------------
[ 2020-07-05T15:23:59+08:00 ] 183.48.247.71 GET /captcha.html?0.44412579990869094
[ info ] tasks.qimsj.com/captcha.html?0.44412579990869094 [运行时间：0.020003s][吞吐率：49.99req/s] [内存消耗：1,921.65kb] [文件加载：40]
[ info ] [ LANG ] /usr/local/nginx/leyeHtml/thinkphp/lang/zh-cn.php
[ info ] [ ROUTE ] array (
  'type' => 'method',
  'method' => 
  array (
    0 => '\\think\\captcha\\CaptchaController',
    1 => 'index',
  ),
  'var' => 
  array (
  ),
)
[ info ] [ HEADER ] array (
  'host' => 'tasks.qimsj.com',
  'connection' => 'keep-alive',
  'pragma' => 'no-cache',
  'cache-control' => 'no-cache',
  'user-agent' => 'Mozilla/5.0 (Macintosh; Intel Mac OS X 10_14_6) AppleWebKit/537.36 (KHTML, like Gecko) Chrome/83.0.4103.106 Safari/537.36',
  'accept' => 'image/webp,image/apng,image/*,*/*;q=0.8',
  'referer' => 'http://tasks.qimsj.com/home/register.html',
  'accept-encoding' => 'gzip, deflate',
  'accept-language' => 'zh-CN,zh;q=0.9,en;q=0.8,ja;q=0.7',
  'cookie' => 'PHPSESSID=99unvj0ngij6o2in5gp7bv2ti1',
  'content-type' => '',
  'content-length' => '',
)
[ info ] [ PARAM ] array (
  '0_44412579990869094' => '',
  'id' => NULL,
)
[ info ] [ RUN ] think\captcha\CaptchaController->index[ /usr/local/nginx/leyeHtml/vendor/topthink/think-captcha/src/CaptchaController.php ]
[ info ] [ SESSION ] INIT array (
  'id' => '',
  'var_session_id' => '',
  'prefix' => 'think',
  'type' => '',
  'auto_start' => true,
)
[ info ] [ LOG ] INIT File
---------------------------------------------------------------
[ 2020-07-05T15:24:01+08:00 ] 183.48.247.71 GET /captcha.html?0.8606503672250281
[ info ] tasks.qimsj.com/captcha.html?0.8606503672250281 [运行时间：0.016897s][吞吐率：59.18req/s] [内存消耗：1,921.65kb] [文件加载：40]
[ info ] [ LANG ] /usr/local/nginx/leyeHtml/thinkphp/lang/zh-cn.php
[ info ] [ ROUTE ] array (
  'type' => 'method',
  'method' => 
  array (
    0 => '\\think\\captcha\\CaptchaController',
    1 => 'index',
  ),
  'var' => 
  array (
  ),
)
[ info ] [ HEADER ] array (
  'host' => 'tasks.qimsj.com',
  'connection' => 'keep-alive',
  'pragma' => 'no-cache',
  'cache-control' => 'no-cache',
  'user-agent' => 'Mozilla/5.0 (Macintosh; Intel Mac OS X 10_14_6) AppleWebKit/537.36 (KHTML, like Gecko) Chrome/83.0.4103.106 Safari/537.36',
  'accept' => 'image/webp,image/apng,image/*,*/*;q=0.8',
  'referer' => 'http://tasks.qimsj.com/home/register.html',
  'accept-encoding' => 'gzip, deflate',
  'accept-language' => 'zh-CN,zh;q=0.9,en;q=0.8,ja;q=0.7',
  'cookie' => 'PHPSESSID=99unvj0ngij6o2in5gp7bv2ti1',
  'content-type' => '',
  'content-length' => '',
)
[ info ] [ PARAM ] array (
  '0_8606503672250281' => '',
  'id' => NULL,
)
[ info ] [ RUN ] think\captcha\CaptchaController->index[ /usr/local/nginx/leyeHtml/vendor/topthink/think-captcha/src/CaptchaController.php ]
[ info ] [ SESSION ] INIT array (
  'id' => '',
  'var_session_id' => '',
  'prefix' => 'think',
  'type' => '',
  'auto_start' => true,
)
[ info ] [ LOG ] INIT File
---------------------------------------------------------------
[ 2020-07-05T15:24:02+08:00 ] 183.48.247.71 GET /captcha.html?0.9768042973848952
[ info ] tasks.qimsj.com/captcha.html?0.9768042973848952 [运行时间：0.015396s][吞吐率：64.95req/s] [内存消耗：1,921.61kb] [文件加载：40]
[ info ] [ LANG ] /usr/local/nginx/leyeHtml/thinkphp/lang/zh-cn.php
[ info ] [ ROUTE ] array (
  'type' => 'method',
  'method' => 
  array (
    0 => '\\think\\captcha\\CaptchaController',
    1 => 'index',
  ),
  'var' => 
  array (
  ),
)
[ info ] [ HEADER ] array (
  'host' => 'tasks.qimsj.com',
  'connection' => 'keep-alive',
  'pragma' => 'no-cache',
  'cache-control' => 'no-cache',
  'user-agent' => 'Mozilla/5.0 (Macintosh; Intel Mac OS X 10_14_6) AppleWebKit/537.36 (KHTML, like Gecko) Chrome/83.0.4103.106 Safari/537.36',
  'accept' => 'image/webp,image/apng,image/*,*/*;q=0.8',
  'referer' => 'http://tasks.qimsj.com/home/register.html',
  'accept-encoding' => 'gzip, deflate',
  'accept-language' => 'zh-CN,zh;q=0.9,en;q=0.8,ja;q=0.7',
  'cookie' => 'PHPSESSID=99unvj0ngij6o2in5gp7bv2ti1',
  'content-type' => '',
  'content-length' => '',
)
[ info ] [ PARAM ] array (
  '0_9768042973848952' => '',
  'id' => NULL,
)
[ info ] [ RUN ] think\captcha\CaptchaController->index[ /usr/local/nginx/leyeHtml/vendor/topthink/think-captcha/src/CaptchaController.php ]
[ info ] [ SESSION ] INIT array (
  'id' => '',
  'var_session_id' => '',
  'prefix' => 'think',
  'type' => '',
  'auto_start' => true,
)
[ info ] [ LOG ] INIT File
---------------------------------------------------------------
[ 2020-07-05T15:24:07+08:00 ] 183.48.247.71 POST /home/register/sendsmscode?__t=0.576402748853978
[ info ] tasks.qimsj.com/home/register/sendsmscode?__t=0.576402748853978 [运行时间：0.322287s][吞吐率：3.10req/s] [内存消耗：5,184.83kb] [文件加载：81]
[ info ] [ LANG ] /usr/local/nginx/leyeHtml/thinkphp/lang/zh-cn.php
[ info ] [ ROUTE ] array (
  'type' => 'module',
  'module' => 
  array (
    0 => 'home',
    1 => 'register',
    2 => 'sendsmscode',
  ),
)
[ info ] [ HEADER ] array (
  'host' => 'tasks.qimsj.com',
  'connection' => 'keep-alive',
  'content-length' => '39',
  'pragma' => 'no-cache',
  'cache-control' => 'no-cache',
  'accept' => 'application/json, text/javascript, */*; q=0.01',
  'x-requested-with' => 'XMLHttpRequest',
  'user-agent' => 'Mozilla/5.0 (Macintosh; Intel Mac OS X 10_14_6) AppleWebKit/537.36 (KHTML, like Gecko) Chrome/83.0.4103.106 Safari/537.36',
  'content-type' => 'application/x-www-form-urlencoded; charset=UTF-8',
  'origin' => 'http://tasks.qimsj.com',
  'referer' => 'http://tasks.qimsj.com/home/register.html',
  'accept-encoding' => 'gzip, deflate',
  'accept-language' => 'zh-CN,zh;q=0.9,en;q=0.8,ja;q=0.7',
  'cookie' => 'PHPSESSID=99unvj0ngij6o2in5gp7bv2ti1',
)
[ info ] [ PARAM ] array (
  '__t' => '0.576402748853978',
  'type' => '2',
  'mobile' => '15602335027',
  'validate' => 'C4PM',
)
[ info ] [ DB ] INIT mysql
[ info ] [ RUN ] app\home\controller\Register->sendsmscode[ /usr/local/nginx/leyeHtml/app/home/controller/Register.php ]
[ info ] [ SESSION ] INIT array (
  'id' => '',
  'var_session_id' => '',
  'prefix' => 'think',
  'type' => '',
  'auto_start' => true,
)
[ info ] [ LOG ] INIT File
[ sql ] [ DB ] CONNECT:[ UseTime:0.000272s ] mysql:host=127.0.0.1;port=3306;dbname=leyeguo;charset=utf8
[ sql ] [ SQL ] SHOW COLUMNS FROM `tb_config` [ RunTime:0.000613s ]
[ sql ] [ SQL ] SELECT * FROM `tb_config` LIMIT 1 [ RunTime:0.000166s ]
---------------------------------------------------------------
[ 2020-07-05T15:24:27+08:00 ] 183.48.247.71 POST /home/register.html
[ info ] tasks.qimsj.com/home/register.html [运行时间：0.047977s][吞吐率：20.84req/s] [内存消耗：4,179.56kb] [文件加载：63]
[ info ] [ LANG ] /usr/local/nginx/leyeHtml/thinkphp/lang/zh-cn.php
[ info ] [ ROUTE ] array (
  'type' => 'module',
  'module' => 
  array (
    0 => 'home',
    1 => 'register',
    2 => NULL,
  ),
)
[ info ] [ HEADER ] array (
  'host' => 'tasks.qimsj.com',
  'connection' => 'keep-alive',
  'content-length' => '121',
  'pragma' => 'no-cache',
  'cache-control' => 'no-cache',
  'accept' => 'application/json, text/javascript, */*; q=0.01',
  'x-requested-with' => 'XMLHttpRequest',
  'user-agent' => 'Mozilla/5.0 (Macintosh; Intel Mac OS X 10_14_6) AppleWebKit/537.36 (KHTML, like Gecko) Chrome/83.0.4103.106 Safari/537.36',
  'content-type' => 'application/x-www-form-urlencoded; charset=UTF-8',
  'origin' => 'http://tasks.qimsj.com',
  'referer' => 'http://tasks.qimsj.com/home/register.html',
  'accept-encoding' => 'gzip, deflate',
  'accept-language' => 'zh-CN,zh;q=0.9,en;q=0.8,ja;q=0.7',
  'cookie' => 'PHPSESSID=99unvj0ngij6o2in5gp7bv2ti1',
)
[ info ] [ PARAM ] array (
  'username' => '15602335027',
  'email' => '',
  'password' => 'bbsbbzs123',
  'password_confirm' => 'bbsbbzs123',
  'captcha' => 'C4PM',
  'verification' => '196886',
  'parent_uid' => '0',
)
[ info ] [ DB ] INIT mysql
[ info ] [ RUN ] app\home\controller\Register->index[ /usr/local/nginx/leyeHtml/app/home/controller/Register.php ]
[ info ] [ LOG ] INIT File
[ sql ] [ DB ] CONNECT:[ UseTime:0.000349s ] mysql:host=127.0.0.1;port=3306;dbname=leyeguo;charset=utf8
[ sql ] [ SQL ] SHOW COLUMNS FROM `tb_config` [ RunTime:0.000846s ]
[ sql ] [ SQL ] SELECT * FROM `tb_config` LIMIT 1 [ RunTime:0.000252s ]
[ error ] [1]Call to undefined function think\mb_strlen()[/usr/local/nginx/leyeHtml/thinkphp/library/think/Validate.php:1088]
